<?xml version="1.0" encoding="utf-8"?><testsuites name="pytest tests"><testsuite name="pytest" errors="0" failures="0" skipped="0" tests="13" time="3.623" timestamp="2026-03-24T21:10:18.051338+00:00" hostname="agent-env-27e5de7b-13c3-40e7-9486-c39b498f550c"><testcase classname="backend.tests.test_bulk_actions.TestHealthEndpoints" name="test_api_root" time="0.251" /><testcase classname="backend.tests.test_bulk_actions.TestHealthEndpoints" name="test_health_check" time="0.122" /><testcase classname="backend.tests.test_bulk_actions.TestAgentStatusSummary" name="test_status_summary_returns_correct_structure" time="0.133" /><testcase classname="backend.tests.test_bulk_actions.TestPauseAllAgents" name="test_pause_all_returns_success" time="0.151" /><testcase classname="backend.tests.test_bulk_actions.TestPauseAllAgents" name="test_pause_all_changes_agent_status" time="0.261" /><testcase classname="backend.tests.test_bulk_actions.TestResumeAllAgents" name="test_resume_all_returns_success" time="0.300" /><testcase classname="backend.tests.test_bulk_actions.TestResumeAllAgents" name="test_resume_all_changes_agent_status" time="0.500" /><testcase classname="backend.tests.test_bulk_actions.TestEmergencyStop" name="test_emergency_stop_requires_confirmation" time="0.126" /><testcase classname="backend.tests.test_bulk_actions.TestEmergencyStop" name="test_emergency_stop_with_confirmation_works" time="0.126" /><testcase classname="backend.tests.test_bulk_actions.TestPortfolioHistory" name="test_portfolio_history_default_period" time="0.134" /><testcase classname="backend.tests.test_bulk_actions.TestPortfolioHistory" name="test_portfolio_history_different_periods" time="0.552" /><testcase classname="backend.tests.test_bulk_actions.TestNotificationsForBulkActions" name="test_notifications_created_for_pause" time="0.414" /><testcase classname="backend.tests.test_bulk_actions.TestAgentCreation" name="test_create_agent" time="0.395" /></testsuite></testsuites>